{"level":"info","message":"Hello I am from logger"}
{"level":"info","message":"Hello I am from logger"}
{"level":"info","message":"Hello I am from logger"}
{"level":"info","message":"Hello I am from logger"}
{"level":"info","message":"\u001b[0mGET /auth/login \u001b[36m304\u001b[0m 4.826 ms - -\u001b[0m\n"}
{"level":"info","message":"Hello I am from logger"}
{"level":"info","message":"\u001b[0mGET /auth/login \u001b[36m304\u001b[0m 0.516 ms - -\u001b[0m\n"}
{"level":"info","message":"Hello I am from logger"}
{"level":"info","message":"combine\n"}
{"level":"info","message":"Hello I am from logger"}
{"level":"info","message":"combine\n"}
{"level":"info","message":"Hello I am from logger"}
{"level":"info","message":"::1 - - [22/Jan/2022:14:43:17 +0000] \"GET /auth/login HTTP/1.1\" 304 - \"-\" \"Mozilla/5.0 (Macintosh; Intel Mac OS X 10_15_7) AppleWebKit/537.36 (KHTML, like Gecko) Chrome/97.0.4692.71 Safari/537.36\"\n"}
{"level":"info","message":"Hello I am from logger"}
{"level":"info","message":"::1 - - [22/Jan/2022:14:43:20 +0000] \"GET /auth/login HTTP/1.1\" 304 - \"-\" \"Mozilla/5.0 (Macintosh; Intel Mac OS X 10_15_7) AppleWebKit/537.36 (KHTML, like Gecko) Chrome/97.0.4692.71 Safari/537.36\"\n"}
{"level":"info","message":"::1 - - [25/Jan/2022:06:24:58 +0000] \"GET /movies/1 HTTP/1.1\" 404 147 \"-\" \"PostmanRuntime/7.18.0\"\n"}
{"level":"info","message":"::1 - - [25/Jan/2022:06:25:21 +0000] \"GET /movies/1 HTTP/1.1\" 404 147 \"-\" \"PostmanRuntime/7.18.0\"\n"}
{"level":"info","message":"::1 - - [25/Jan/2022:06:25:50 +0000] \"GET / HTTP/1.1\" 404 139 \"-\" \"Mozilla/5.0 (Macintosh; Intel Mac OS X 10_15_7) AppleWebKit/537.36 (KHTML, like Gecko) Chrome/97.0.4692.99 Safari/537.36\"\n"}
{"level":"info","message":"::1 - - [25/Jan/2022:06:25:57 +0000] \"GET /auth HTTP/1.1\" 404 143 \"-\" \"Mozilla/5.0 (Macintosh; Intel Mac OS X 10_15_7) AppleWebKit/537.36 (KHTML, like Gecko) Chrome/97.0.4692.99 Safari/537.36\"\n"}
{"level":"info","message":"::1 - - [25/Jan/2022:06:25:59 +0000] \"GET /auth HTTP/1.1\" 404 143 \"-\" \"Mozilla/5.0 (Macintosh; Intel Mac OS X 10_15_7) AppleWebKit/537.36 (KHTML, like Gecko) Chrome/97.0.4692.99 Safari/537.36\"\n"}
{"level":"info","message":"::1 - - [25/Jan/2022:06:26:17 +0000] \"GET /login HTTP/1.1\" 404 144 \"-\" \"Mozilla/5.0 (Macintosh; Intel Mac OS X 10_15_7) AppleWebKit/537.36 (KHTML, like Gecko) Chrome/97.0.4692.99 Safari/537.36\"\n"}
{"level":"info","message":"::1 - - [25/Jan/2022:06:26:18 +0000] \"GET /login HTTP/1.1\" 404 144 \"-\" \"Mozilla/5.0 (Macintosh; Intel Mac OS X 10_15_7) AppleWebKit/537.36 (KHTML, like Gecko) Chrome/97.0.4692.99 Safari/537.36\"\n"}
{"level":"info","message":"Hello I am from logger"}
{"level":"info","message":"::1 - - [25/Jan/2022:06:26:29 +0000] \"GET /auth/login HTTP/1.1\" 200 37 \"-\" \"Mozilla/5.0 (Macintosh; Intel Mac OS X 10_15_7) AppleWebKit/537.36 (KHTML, like Gecko) Chrome/97.0.4692.99 Safari/537.36\"\n"}
{"level":"info","message":"::1 - - [25/Jan/2022:06:26:29 +0000] \"GET /favicon.ico HTTP/1.1\" 404 150 \"http://localhost:8080/auth/login\" \"Mozilla/5.0 (Macintosh; Intel Mac OS X 10_15_7) AppleWebKit/537.36 (KHTML, like Gecko) Chrome/97.0.4692.99 Safari/537.36\"\n"}
{"level":"info","message":"Hello I am from logger"}
{"level":"info","message":"::1 - - [25/Jan/2022:06:26:41 +0000] \"GET /auth/login HTTP/1.1\" 200 37 \"-\" \"PostmanRuntime/7.18.0\"\n"}
{"level":"info","message":"::1 - - [25/Jan/2022:06:27:06 +0000] \"GET /movie/1 HTTP/1.1\" 404 146 \"-\" \"PostmanRuntime/7.18.0\"\n"}
{"level":"info","message":"::1 - - [25/Jan/2022:06:27:11 +0000] \"GET /movies/1 HTTP/1.1\" 404 147 \"-\" \"PostmanRuntime/7.18.0\"\n"}
{"level":"info","message":"::1 - - [25/Jan/2022:06:27:12 +0000] \"GET /movies/1 HTTP/1.1\" 404 147 \"-\" \"PostmanRuntime/7.18.0\"\n"}
{"level":"info","message":"::1 - - [25/Jan/2022:06:27:41 +0000] \"GET /movies/1 HTTP/1.1\" 404 147 \"-\" \"PostmanRuntime/7.18.0\"\n"}
{"level":"info","message":"::1 - - [25/Jan/2022:06:27:42 +0000] \"GET /movies/1 HTTP/1.1\" 404 147 \"-\" \"PostmanRuntime/7.18.0\"\n"}
{"level":"info","message":"::1 - - [25/Jan/2022:06:28:31 +0000] \"GET /movies/1 HTTP/1.1\" 200 21 \"-\" \"PostmanRuntime/7.18.0\"\n"}
{"level":"info","message":"::1 - - [25/Jan/2022:06:54:21 +0000] \"GET /movies/1 HTTP/1.1\" 500 1295 \"-\" \"PostmanRuntime/7.18.0\"\n"}
{"level":"info","message":"::1 - - [25/Jan/2022:06:55:23 +0000] \"GET /movies/1 HTTP/1.1\" - - \"-\" \"PostmanRuntime/7.18.0\"\n"}
{"level":"info","message":"::1 - - [25/Jan/2022:06:58:11 +0000] \"GET /movies/1 HTTP/1.1\" - - \"-\" \"PostmanRuntime/7.18.0\"\n"}
{"level":"info","message":"::1 - - [25/Jan/2022:06:59:21 +0000] \"GET /movies/1 HTTP/1.1\" - - \"-\" \"PostmanRuntime/7.18.0\"\n"}
{"level":"info","message":"::1 - - [25/Jan/2022:06:59:35 +0000] \"GET /movies/1 HTTP/1.1\" - - \"-\" \"PostmanRuntime/7.18.0\"\n"}
{"level":"info","message":"::1 - - [26/Jan/2022:00:35:58 +0000] \"GET /movies/1 HTTP/1.1\" - - \"-\" \"PostmanRuntime/7.18.0\"\n"}
{"level":"info","message":"::1 - - [26/Jan/2022:00:37:35 +0000] \"GET /movies/1 HTTP/1.1\" - - \"-\" \"PostmanRuntime/7.18.0\"\n"}
{"level":"info","message":"::1 - - [26/Jan/2022:00:41:04 +0000] \"GET /movies/10 HTTP/1.1\" - - \"-\" \"PostmanRuntime/7.18.0\"\n"}
{"level":"info","message":"::1 - - [26/Jan/2022:01:16:52 +0000] \"GET /movies/10 HTTP/1.1\" 500 1298 \"-\" \"PostmanRuntime/7.18.0\"\n"}
{"level":"info","message":"::1 - - [26/Jan/2022:01:20:25 +0000] \"GET /movies/10 HTTP/1.1\" 200 1765 \"-\" \"PostmanRuntime/7.18.0\"\n"}
{"level":"info","message":"::1 - - [26/Jan/2022:01:21:55 +0000] \"GET /movies/10 HTTP/1.1\" 200 31 \"-\" \"PostmanRuntime/7.18.0\"\n"}
{"level":"info","message":"::1 - - [26/Jan/2022:01:22:02 +0000] \"GET /movies/10 HTTP/1.1\" 200 31 \"-\" \"PostmanRuntime/7.18.0\"\n"}
{"level":"info","message":"::1 - - [26/Jan/2022:01:22:46 +0000] \"GET /movies/10 HTTP/1.1\" 200 15478 \"-\" \"PostmanRuntime/7.18.0\"\n"}
{"level":"info","message":"::1 - - [26/Jan/2022:01:23:15 +0000] \"GET /movies/10 HTTP/1.1\" 200 18359 \"-\" \"PostmanRuntime/7.18.0\"\n"}
{"level":"info","message":"::1 - - [26/Jan/2022:01:23:21 +0000] \"GET /movies/1 HTTP/1.1\" 200 15478 \"-\" \"PostmanRuntime/7.18.0\"\n"}
{"level":"info","message":"::1 - - [26/Jan/2022:01:31:50 +0000] \"GET /movies/1 HTTP/1.1\" 200 15478 \"-\" \"PostmanRuntime/7.18.0\"\n"}
{"level":"info","message":"::1 - - [26/Jan/2022:01:32:31 +0000] \"GET /movies/1 HTTP/1.1\" 200 15478 \"-\" \"PostmanRuntime/7.18.0\"\n"}
{"level":"info","message":"::1 - - [26/Jan/2022:01:32:57 +0000] \"GET /movies/1 HTTP/1.1\" 200 15478 \"-\" \"PostmanRuntime/7.18.0\"\n"}
{"level":"info","message":"::1 - - [26/Jan/2022:01:36:36 +0000] \"GET /movies/1 HTTP/1.1\" 200 15478 \"-\" \"PostmanRuntime/7.18.0\"\n"}
{"level":"info","message":"::1 - - [26/Jan/2022:01:57:59 +0000] \"GET /movies/1n HTTP/1.1\" 200 15478 \"-\" \"PostmanRuntime/7.18.0\"\n"}
{"level":"info","message":"::1 - - [26/Jan/2022:01:58:02 +0000] \"GET /movies/1n HTTP/1.1\" 200 15478 \"-\" \"PostmanRuntime/7.18.0\"\n"}
{"level":"info","message":"::1 - - [26/Jan/2022:01:58:39 +0000] \"GET /movies/1n HTTP/1.1\" 200 1767 \"-\" \"PostmanRuntime/7.18.0\"\n"}
{"level":"info","message":"::1 - - [26/Jan/2022:01:58:40 +0000] \"GET /movies/1n HTTP/1.1\" 200 1767 \"-\" \"PostmanRuntime/7.18.0\"\n"}
{"level":"info","message":"::1 - - [26/Jan/2022:01:58:46 +0000] \"GET /movies/n HTTP/1.1\" 400 11 \"-\" \"PostmanRuntime/7.18.0\"\n"}
{"level":"info","message":"::1 - - [26/Jan/2022:01:58:51 +0000] \"GET /movies/n1 HTTP/1.1\" 400 11 \"-\" \"PostmanRuntime/7.18.0\"\n"}
{"level":"info","message":"::1 - - [26/Jan/2022:01:58:58 +0000] \"GET /movies/10n HTTP/1.1\" 200 18359 \"-\" \"PostmanRuntime/7.18.0\"\n"}
{"level":"info","message":"::1 - - [26/Jan/2022:02:01:10 +0000] \"GET /movies/10n HTTP/1.1\" 200 18359 \"-\" \"PostmanRuntime/7.18.0\"\n"}
{"level":"info","message":"::1 - - [26/Jan/2022:02:04:11 +0000] \"GET /movie/1 HTTP/1.1\" 404 146 \"-\" \"PostmanRuntime/7.18.0\"\n"}
{"level":"info","message":"::1 - - [26/Jan/2022:02:04:43 +0000] \"GET /movie/1 HTTP/1.1\" 200 11 \"-\" \"PostmanRuntime/7.18.0\"\n"}
{"level":"info","message":"::1 - - [26/Jan/2022:02:07:30 +0000] \"GET /movie/1 HTTP/1.1\" - - \"-\" \"PostmanRuntime/7.18.0\"\n"}
{"level":"info","message":"::1 - - [26/Jan/2022:02:07:31 +0000] \"GET /movies/1 HTTP/1.1\" 200 1767 \"-\" \"PostmanRuntime/7.18.0\"\n"}
{"level":"info","message":"::1 - - [26/Jan/2022:02:10:12 +0000] \"GET /movie/573a1390f29313caabcd5c0f HTTP/1.1\" - - \"-\" \"PostmanRuntime/7.18.0\"\n"}
{"level":"info","message":"::1 - - [26/Jan/2022:02:12:49 +0000] \"GET /movie/573a1390f29313caabcd5c0f HTTP/1.1\" 200 31 \"-\" \"PostmanRuntime/7.18.0\"\n"}
{"level":"info","message":"::1 - - [26/Jan/2022:02:13:00 +0000] \"GET /movie/573a1390f29313caabcd5c0f HTTP/1.1\" 200 2 \"-\" \"PostmanRuntime/7.18.0\"\n"}
{"level":"info","message":"::1 - - [26/Jan/2022:02:13:22 +0000] \"GET /movie/573a1390f29313caabcd5c0f HTTP/1.1\" 200 2 \"-\" \"PostmanRuntime/7.18.0\"\n"}
{"level":"info","message":"::1 - - [26/Jan/2022:02:17:38 +0000] \"GET /movie/573a1390f29313caabcd5c0f HTTP/1.1\" 500 1297 \"-\" \"PostmanRuntime/7.18.0\"\n"}
{"level":"info","message":"::1 - - [26/Jan/2022:02:17:42 +0000] \"GET /movie/573a1390f29313caabcd5c0f HTTP/1.1\" 500 1297 \"-\" \"PostmanRuntime/7.18.0\"\n"}
{"level":"info","message":"::1 - - [26/Jan/2022:02:18:23 +0000] \"GET /movie/573a1390f29313caabcd5c0f HTTP/1.1\" 500 1297 \"-\" \"PostmanRuntime/7.18.0\"\n"}
{"level":"info","message":"::1 - - [26/Jan/2022:02:18:50 +0000] \"GET /movie/573a1390f29313caabcd5c0f HTTP/1.1\" 500 1297 \"-\" \"PostmanRuntime/7.18.0\"\n"}
{"level":"info","message":"::1 - - [26/Jan/2022:02:19:12 +0000] \"GET /movie/573a1390f29313caabcd5c0f HTTP/1.1\" 200 1765 \"-\" \"PostmanRuntime/7.18.0\"\n"}
{"level":"info","message":"::1 - - [26/Jan/2022:02:22:13 +0000] \"GET /movie/573a1390f29313caabcd5c0f HTTP/1.1\" 200 1765 \"-\" \"PostmanRuntime/7.18.0\"\n"}
{"level":"info","message":"::1 - - [26/Jan/2022:02:22:16 +0000] \"GET /movie/573a1390f29313caabcd5c0 HTTP/1.1\" 500 1343 \"-\" \"PostmanRuntime/7.18.0\"\n"}
{"level":"info","message":"::1 - - [26/Jan/2022:02:22:24 +0000] \"GET /movie/573a1390f29313caabcd5c0f HTTP/1.1\" 200 1765 \"-\" \"PostmanRuntime/7.18.0\"\n"}
{"level":"info","message":"::1 - - [26/Jan/2022:02:22:28 +0000] \"GET /movie/573a1390f29313caabcd5c0d HTTP/1.1\" 400 15 \"-\" \"PostmanRuntime/7.18.0\"\n"}
{"level":"info","message":"::1 - - [26/Jan/2022:02:22:32 +0000] \"GET /movie/573a1390f29313caabcd5c0f HTTP/1.1\" 200 1765 \"-\" \"PostmanRuntime/7.18.0\"\n"}
{"level":"info","message":"::1 - - [26/Jan/2022:02:38:13 +0000] \"GET /movie/573a1390f29313caabcd5c0f HTTP/1.1\" 200 1765 \"-\" \"PostmanRuntime/7.18.0\"\n"}
{"level":"info","message":"::1 - - [26/Jan/2022:02:38:16 +0000] \"GET /movie/573a1390f29313caabcd5c0 HTTP/1.1\" 400 14 \"-\" \"PostmanRuntime/7.18.0\"\n"}
{"level":"info","message":"::1 - - [26/Jan/2022:02:38:21 +0000] \"GET /movie/573a1390f29313caabcd5c0f HTTP/1.1\" 200 1765 \"-\" \"PostmanRuntime/7.18.0\"\n"}
{"level":"info","message":"::1 - - [26/Jan/2022:02:50:59 +0000] \"GET /movie/573a1390f29313caabcd5c0f HTTP/1.1\" 200 1765 \"-\" \"PostmanRuntime/7.18.0\"\n"}
{"level":"info","message":"::1 - - [26/Jan/2022:02:51:04 +0000] \"GET /moviess/573a1390f29313caabcd5c0f HTTP/1.1\" 404 9 \"-\" \"PostmanRuntime/7.18.0\"\n"}
{"level":"info","message":"::1 - - [26/Jan/2022:02:51:10 +0000] \"GET /movies/573a1390f29313caabcd5c0f HTTP/1.1\" 200 901476 \"-\" \"PostmanRuntime/7.18.0\"\n"}
{"level":"info","message":"::1 - - [26/Jan/2022:02:51:15 +0000] \"GET /movies/573a1390f29313caabcd5c0f HTTP/1.1\" 200 901476 \"-\" \"PostmanRuntime/7.18.0\"\n"}
{"level":"info","message":"::1 - - [26/Jan/2022:06:00:28 +0000] \"GET /moviess HTTP/1.1\" 500 1227 \"-\" \"PostmanRuntime/7.18.0\"\n"}
{"level":"info","message":"::1 - - [26/Jan/2022:06:02:35 +0000] \"GET /movies/1 HTTP/1.1\" 200 1767 \"-\" \"PostmanRuntime/7.18.0\"\n"}
{"level":"info","message":"::1 - - [26/Jan/2022:06:02:41 +0000] \"GET /movies/name HTTP/1.1\" 500 1276 \"-\" \"PostmanRuntime/7.18.0\"\n"}
{"level":"info","message":"::1 - - [26/Jan/2022:06:02:43 +0000] \"GET /movies/name HTTP/1.1\" 500 1276 \"-\" \"PostmanRuntime/7.18.0\"\n"}
{"level":"info","message":"::1 - - [26/Jan/2022:06:04:43 +0000] \"GET /movies/name HTTP/1.1\" 500 1276 \"-\" \"PostmanRuntime/7.18.0\"\n"}
{"level":"info","message":"::1 - - [26/Jan/2022:06:05:50 +0000] \"GET /movies/name HTTP/1.1\" 500 1276 \"-\" \"PostmanRuntime/7.18.0\"\n"}
{"level":"info","message":"::1 - - [26/Jan/2022:06:06:07 +0000] \"GET /movies/name HTTP/1.1\" 500 1276 \"-\" \"PostmanRuntime/7.18.0\"\n"}
{"level":"info","message":"::1 - - [26/Jan/2022:06:09:58 +0000] \"GET /movies/name HTTP/1.1\" 500 1276 \"-\" \"PostmanRuntime/7.18.0\"\n"}
{"level":"info","message":"::1 - - [26/Jan/2022:06:10:59 +0000] \"GET /movies/name HTTP/1.1\" 400 25 \"-\" \"PostmanRuntime/7.18.0\"\n"}
{"level":"info","message":"::1 - - [26/Jan/2022:06:11:53 +0000] \"GET /movies/name HTTP/1.1\" 400 25 \"-\" \"PostmanRuntime/7.18.0\"\n"}
{"level":"info","message":"::1 - - [26/Jan/2022:06:12:27 +0000] \"GET /movies/name HTTP/1.1\" 400 25 \"-\" \"PostmanRuntime/7.18.0\"\n"}
{"level":"info","message":"::1 - - [26/Jan/2022:06:13:26 +0000] \"GET /movies/name HTTP/1.1\" 400 25 \"-\" \"PostmanRuntime/7.18.0\"\n"}
{"level":"info","message":"::1 - - [26/Jan/2022:06:14:30 +0000] \"GET /movies/name HTTP/1.1\" 400 25 \"-\" \"PostmanRuntime/7.18.0\"\n"}
{"level":"info","message":"::1 - - [26/Jan/2022:06:17:05 +0000] \"GET /movies/1 HTTP/1.1\" 200 1767 \"-\" \"PostmanRuntime/7.18.0\"\n"}
{"level":"info","message":"::1 - - [26/Jan/2022:06:17:17 +0000] \"GET /movies HTTP/1.1\" 404 23 \"-\" \"PostmanRuntime/7.18.0\"\n"}
{"level":"info","message":"::1 - - [26/Jan/2022:06:17:25 +0000] \"GET /movie/1 HTTP/1.1\" 400 25 \"-\" \"PostmanRuntime/7.18.0\"\n"}
{"level":"info","message":"::1 - - [26/Jan/2022:06:17:29 +0000] \"GET /movies/1 HTTP/1.1\" 200 1767 \"-\" \"PostmanRuntime/7.18.0\"\n"}
{"level":"info","message":"::1 - - [26/Jan/2022:06:17:39 +0000] \"GET /movie/573a1390f29313caabcd5c0f HTTP/1.1\" 200 1765 \"-\" \"PostmanRuntime/7.18.0\"\n"}
{"level":"info","message":"::1 - - [26/Jan/2022:06:17:44 +0000] \"GET /movie/573a1390f29313caabcd5c0 HTTP/1.1\" 400 25 \"-\" \"PostmanRuntime/7.18.0\"\n"}
{"level":"info","message":"::1 - - [28/Jan/2022:02:41:46 +0000] \"POST /auth/signup HTTP/1.1\" 400 54 \"-\" \"PostmanRuntime/7.18.0\"\n"}
{"level":"info","message":"::1 - - [28/Jan/2022:02:49:42 +0000] \"POST /auth/signup HTTP/1.1\" 500 1114 \"-\" \"PostmanRuntime/7.18.0\"\n"}
{"level":"info","message":"::1 - - [28/Jan/2022:02:50:52 +0000] \"POST /auth/signup HTTP/1.1\" 400 81 \"-\" \"PostmanRuntime/7.18.0\"\n"}
{"level":"info","message":"::1 - - [28/Jan/2022:02:52:01 +0000] \"POST /auth/signup HTTP/1.1\" 400 81 \"-\" \"PostmanRuntime/7.18.0\"\n"}
{"level":"info","message":"::1 - - [28/Jan/2022:02:52:14 +0000] \"POST /auth/signup HTTP/1.1\" 400 101 \"-\" \"PostmanRuntime/7.18.0\"\n"}
{"level":"info","message":"::1 - - [28/Jan/2022:07:06:59 +0000] \"POST /auth/signup HTTP/1.1\" 400 101 \"-\" \"PostmanRuntime/7.18.0\"\n"}
{"level":"info","message":"::1 - - [28/Jan/2022:07:08:12 +0000] \"POST /auth/signup HTTP/1.1\" 400 101 \"-\" \"PostmanRuntime/7.18.0\"\n"}
{"level":"info","message":"::1 - - [28/Jan/2022:07:08:14 +0000] \"POST /auth/signup HTTP/1.1\" 400 101 \"-\" \"PostmanRuntime/7.18.0\"\n"}
{"level":"info","message":"::1 - - [28/Jan/2022:07:08:42 +0000] \"POST /auth/signup HTTP/1.1\" 400 101 \"-\" \"PostmanRuntime/7.18.0\"\n"}
{"level":"info","message":"::1 - - [28/Jan/2022:07:08:43 +0000] \"POST /auth/signup HTTP/1.1\" 400 101 \"-\" \"PostmanRuntime/7.18.0\"\n"}
{"level":"info","message":"::1 - - [28/Jan/2022:07:09:11 +0000] \"POST /auth/signup HTTP/1.1\" 409 42 \"-\" \"PostmanRuntime/7.18.0\"\n"}
{"level":"info","message":"::1 - - [28/Jan/2022:07:22:15 +0000] \"POST /auth/signup HTTP/1.1\" 409 42 \"-\" \"PostmanRuntime/7.18.0\"\n"}
{"level":"info","message":"::1 - - [28/Jan/2022:07:29:00 +0000] \"POST /auth/signup HTTP/1.1\" 409 42 \"-\" \"PostmanRuntime/7.18.0\"\n"}
{"level":"info","message":"::1 - - [28/Jan/2022:07:35:16 +0000] \"POST /auth/signup HTTP/1.1\" 500 1114 \"-\" \"PostmanRuntime/7.18.0\"\n"}
{"level":"info","message":"::1 - - [28/Jan/2022:07:35:24 +0000] \"POST /auth/signup HTTP/1.1\" 500 1114 \"-\" \"PostmanRuntime/7.18.0\"\n"}
{"level":"info","message":"::1 - - [28/Jan/2022:07:35:33 +0000] \"POST /auth/signup HTTP/1.1\" 500 1114 \"-\" \"PostmanRuntime/7.18.0\"\n"}
{"level":"info","message":"::1 - - [28/Jan/2022:07:35:34 +0000] \"POST /auth/signup HTTP/1.1\" 500 1114 \"-\" \"PostmanRuntime/7.18.0\"\n"}
{"level":"info","message":"::1 - - [28/Jan/2022:07:37:24 +0000] \"POST /auth/signup HTTP/1.1\" 500 1114 \"-\" \"PostmanRuntime/7.18.0\"\n"}
{"level":"info","message":"::1 - - [28/Jan/2022:07:37:26 +0000] \"POST /auth/signup HTTP/1.1\" 500 1114 \"-\" \"PostmanRuntime/7.18.0\"\n"}
{"level":"info","message":"::1 - - [28/Jan/2022:07:38:25 +0000] \"POST /auth/signup HTTP/1.1\" 500 1114 \"-\" \"PostmanRuntime/7.18.0\"\n"}
{"level":"info","message":"::1 - - [28/Jan/2022:07:38:51 +0000] \"POST /auth/signup HTTP/1.1\" 500 1114 \"-\" \"PostmanRuntime/7.18.0\"\n"}
{"level":"info","message":"::1 - - [28/Jan/2022:07:39:50 +0000] \"POST /auth/signup HTTP/1.1\" 500 1114 \"-\" \"PostmanRuntime/7.18.0\"\n"}
{"level":"info","message":"::1 - - [28/Jan/2022:07:40:27 +0000] \"POST /auth/signup HTTP/1.1\" 500 1114 \"-\" \"PostmanRuntime/7.18.0\"\n"}
{"level":"info","message":"::1 - - [28/Jan/2022:07:40:55 +0000] \"POST /auth/signup HTTP/1.1\" 500 1114 \"-\" \"PostmanRuntime/7.18.0\"\n"}
{"level":"info","message":"::1 - - [28/Jan/2022:07:41:54 +0000] \"POST /auth/signup HTTP/1.1\" 500 1114 \"-\" \"PostmanRuntime/7.18.0\"\n"}
{"level":"info","message":"::1 - - [28/Jan/2022:07:42:31 +0000] \"POST /auth/signup HTTP/1.1\" 500 1114 \"-\" \"PostmanRuntime/7.18.0\"\n"}
{"level":"info","message":"::1 - - [28/Jan/2022:07:43:20 +0000] \"POST /auth/signup HTTP/1.1\" 500 1114 \"-\" \"PostmanRuntime/7.18.0\"\n"}
{"level":"info","message":"::1 - - [28/Jan/2022:07:43:51 +0000] \"POST /auth/signup HTTP/1.1\" 500 1114 \"-\" \"PostmanRuntime/7.18.0\"\n"}
{"level":"info","message":"::1 - - [28/Jan/2022:07:44:20 +0000] \"POST /auth/signup HTTP/1.1\" 500 1114 \"-\" \"PostmanRuntime/7.18.0\"\n"}
{"level":"info","message":"::1 - - [28/Jan/2022:07:45:37 +0000] \"POST /auth/signup HTTP/1.1\" 500 1114 \"-\" \"PostmanRuntime/7.18.0\"\n"}
{"level":"info","message":"::1 - - [28/Jan/2022:07:46:34 +0000] \"POST /auth/signup HTTP/1.1\" 500 1114 \"-\" \"PostmanRuntime/7.18.0\"\n"}
{"level":"info","message":"::1 - - [28/Jan/2022:07:46:44 +0000] \"POST /auth/signup HTTP/1.1\" 500 1114 \"-\" \"PostmanRuntime/7.18.0\"\n"}
{"level":"info","message":"::1 - - [28/Jan/2022:07:47:59 +0000] \"POST /auth/signup HTTP/1.1\" 500 1114 \"-\" \"PostmanRuntime/7.18.0\"\n"}
{"level":"info","message":"::1 - - [28/Jan/2022:08:31:15 +0000] \"POST /auth/signup HTTP/1.1\" 500 42 \"-\" \"PostmanRuntime/7.18.0\"\n"}
{"level":"info","message":"::1 - - [28/Jan/2022:08:32:44 +0000] \"POST /auth/signup HTTP/1.1\" 500 42 \"-\" \"PostmanRuntime/7.18.0\"\n"}
{"level":"info","message":"::1 - - [28/Jan/2022:08:33:28 +0000] \"POST /auth/signup HTTP/1.1\" 500 42 \"-\" \"PostmanRuntime/7.18.0\"\n"}
{"level":"info","message":"::1 - - [28/Jan/2022:08:46:42 +0000] \"POST /auth/signup HTTP/1.1\" 500 42 \"-\" \"PostmanRuntime/7.18.0\"\n"}
{"level":"info","message":"::1 - - [28/Jan/2022:08:47:27 +0000] \"POST /auth/signup HTTP/1.1\" 500 42 \"-\" \"PostmanRuntime/7.18.0\"\n"}
{"level":"info","message":"::1 - - [28/Jan/2022:08:48:33 +0000] \"POST /auth/signup HTTP/1.1\" 500 42 \"-\" \"PostmanRuntime/7.18.0\"\n"}
{"level":"info","message":"::1 - - [28/Jan/2022:08:49:36 +0000] \"POST /auth/signup HTTP/1.1\" 500 42 \"-\" \"PostmanRuntime/7.18.0\"\n"}
{"level":"info","message":"::1 - - [28/Jan/2022:08:49:39 +0000] \"POST /auth/signup HTTP/1.1\" 500 42 \"-\" \"PostmanRuntime/7.18.0\"\n"}
{"level":"info","message":"::1 - - [28/Jan/2022:08:50:07 +0000] \"POST /auth/signup HTTP/1.1\" - - \"-\" \"PostmanRuntime/7.18.0\"\n"}
{"level":"info","message":"::1 - - [28/Jan/2022:09:16:35 +0000] \"POST /auth/signup HTTP/1.1\" 500 35 \"-\" \"PostmanRuntime/7.18.0\"\n"}
{"level":"info","message":"::1 - - [28/Jan/2022:09:19:03 +0000] \"POST /auth/signup HTTP/1.1\" 201 48 \"-\" \"PostmanRuntime/7.18.0\"\n"}
{"level":"info","message":"::1 - - [28/Jan/2022:09:25:21 +0000] \"POST /auth/signup HTTP/1.1\" 500 45 \"-\" \"PostmanRuntime/7.18.0\"\n"}
{"level":"info","message":"::1 - - [28/Jan/2022:09:25:29 +0000] \"POST /auth/signup HTTP/1.1\" 400 81 \"-\" \"PostmanRuntime/7.18.0\"\n"}
{"level":"info","message":"::1 - - [28/Jan/2022:09:25:36 +0000] \"POST /auth/signup HTTP/1.1\" 500 35 \"-\" \"PostmanRuntime/7.18.0\"\n"}
{"level":"info","message":"::1 - - [28/Jan/2022:09:26:48 +0000] \"POST /auth/signup HTTP/1.1\" 201 48 \"-\" \"PostmanRuntime/7.18.0\"\n"}
{"level":"info","message":"::1 - - [28/Jan/2022:11:10:12 +0000] \"POST /auth/login HTTP/1.1\" 400 54 \"-\" \"PostmanRuntime/7.18.0\"\n"}
{"level":"info","message":"::1 - - [28/Jan/2022:11:10:20 +0000] \"POST /auth/login HTTP/1.1\" 500 1114 \"-\" \"PostmanRuntime/7.18.0\"\n"}
{"level":"info","message":"::1 - - [28/Jan/2022:11:11:23 +0000] \"POST /auth/login HTTP/1.1\" 500 1114 \"-\" \"PostmanRuntime/7.18.0\"\n"}
{"level":"info","message":"::1 - - [28/Jan/2022:11:12:26 +0000] \"POST /auth/login HTTP/1.1\" 200 55 \"-\" \"PostmanRuntime/7.18.0\"\n"}
{"level":"info","message":"::1 - - [28/Jan/2022:11:12:33 +0000] \"POST /auth/login HTTP/1.1\" 200 55 \"-\" \"PostmanRuntime/7.18.0\"\n"}
{"level":"info","message":"::1 - - [28/Jan/2022:11:13:23 +0000] \"POST /auth/login HTTP/1.1\" 200 55 \"-\" \"PostmanRuntime/7.18.0\"\n"}
{"level":"info","message":"::1 - - [28/Jan/2022:11:13:54 +0000] \"POST /auth/login HTTP/1.1\" 200 55 \"-\" \"PostmanRuntime/7.18.0\"\n"}
{"level":"info","message":"::1 - - [28/Jan/2022:11:14:48 +0000] \"POST /auth/login HTTP/1.1\" 200 54 \"-\" \"PostmanRuntime/7.18.0\"\n"}
{"level":"info","message":"::1 - - [28/Jan/2022:11:14:50 +0000] \"POST /auth/login HTTP/1.1\" 200 54 \"-\" \"PostmanRuntime/7.18.0\"\n"}
{"level":"info","message":"::1 - - [28/Jan/2022:11:15:26 +0000] \"POST /auth/signup HTTP/1.1\" 200 17 \"-\" \"PostmanRuntime/7.18.0\"\n"}
{"level":"info","message":"::1 - - [28/Jan/2022:11:15:40 +0000] \"POST /auth/signup HTTP/1.1\" 201 48 \"-\" \"PostmanRuntime/7.18.0\"\n"}
{"level":"info","message":"::1 - - [28/Jan/2022:11:16:02 +0000] \"POST /auth/login HTTP/1.1\" 200 210 \"-\" \"PostmanRuntime/7.18.0\"\n"}
{"level":"info","message":"::1 - - [28/Jan/2022:11:43:27 +0000] \"POST /auth/login HTTP/1.1\" 200 127 \"-\" \"PostmanRuntime/7.18.0\"\n"}
{"level":"info","message":"::1 - - [28/Jan/2022:11:55:41 +0000] \"POST /auth/login HTTP/1.1\" 200 107 \"-\" \"PostmanRuntime/7.18.0\"\n"}
{"level":"info","message":"::1 - - [28/Jan/2022:11:55:59 +0000] \"POST /auth/login HTTP/1.1\" 200 107 \"-\" \"PostmanRuntime/7.18.0\"\n"}
{"level":"info","message":"::1 - - [28/Jan/2022:11:57:32 +0000] \"POST /auth/login HTTP/1.1\" 200 117 \"-\" \"PostmanRuntime/7.18.0\"\n"}
{"level":"info","message":"::1 - - [28/Jan/2022:12:01:06 +0000] \"POST /auth/login HTTP/1.1\" 200 117 \"-\" \"PostmanRuntime/7.18.0\"\n"}
{"level":"info","message":"::1 - - [30/Jan/2022:00:15:21 +0000] \"POST /auth/login HTTP/1.1\" 200 117 \"-\" \"PostmanRuntime/7.18.0\"\n"}
{"level":"info","message":"::1 - - [30/Jan/2022:00:37:46 +0000] \"GET /movies/1 HTTP/1.1\" 200 31 \"-\" \"PostmanRuntime/7.18.0\"\n"}
{"level":"info","message":"::1 - - [30/Jan/2022:00:38:52 +0000] \"GET /movies/1 HTTP/1.1\" 200 31 \"-\" \"PostmanRuntime/7.18.0\"\n"}
{"level":"info","message":"::1 - - [30/Jan/2022:00:39:03 +0000] \"GET /movies/1 HTTP/1.1\" 200 31 \"-\" \"PostmanRuntime/7.18.0\"\n"}
{"level":"info","message":"::1 - - [30/Jan/2022:00:41:15 +0000] \"GET /movies/1 HTTP/1.1\" 200 31 \"-\" \"PostmanRuntime/7.18.0\"\n"}
{"level":"info","message":"::1 - - [30/Jan/2022:00:41:31 +0000] \"GET /movies/1 HTTP/1.1\" 200 26 \"-\" \"PostmanRuntime/7.18.0\"\n"}
{"level":"info","message":"::1 - - [30/Jan/2022:00:42:45 +0000] \"POST /auth/login HTTP/1.1\" 200 117 \"-\" \"PostmanRuntime/7.18.0\"\n"}
{"level":"info","message":"::1 - - [30/Jan/2022:00:43:42 +0000] \"GET /movies/1 HTTP/1.1\" 200 1767 \"-\" \"PostmanRuntime/7.18.0\"\n"}
{"level":"info","message":"::1 - - [30/Jan/2022:00:44:31 +0000] \"GET /movies/1 HTTP/1.1\" 200 26 \"-\" \"PostmanRuntime/7.18.0\"\n"}
{"level":"info","message":"::1 - - [30/Jan/2022:00:44:36 +0000] \"GET /movies/1 HTTP/1.1\" 200 1767 \"-\" \"PostmanRuntime/7.18.0\"\n"}
{"level":"info","message":"::1 - - [30/Jan/2022:00:48:19 +0000] \"POST /auth/login HTTP/1.1\" 200 140 \"-\" \"PostmanRuntime/7.18.0\"\n"}
{"level":"info","message":"::1 - - [30/Jan/2022:00:58:48 +0000] \"POST /auth/login HTTP/1.1\" 200 140 \"-\" \"PostmanRuntime/7.18.0\"\n"}
{"level":"info","message":"::1 - - [30/Jan/2022:00:59:20 +0000] \"GET /movies/1 HTTP/1.1\" 200 1767 \"-\" \"PostmanRuntime/7.18.0\"\n"}
